<?xml version="1.0" encoding="UTF-8"?>
<testsuite name="workshop05code.AppTest" tests="1" skipped="0" failures="0" errors="0" timestamp="2025-03-25T08:11:32" hostname="BURT" time="0.042">
  <properties/>
  <testcase name="appHasAGreeting()" classname="workshop05code.AppTest" time="0.042"/>
  <system-out><![CDATA[]]></system-out>
  <system-err><![CDATA[]]></system-err>
</testsuite>
